<?xml version="1.0" encoding="UTF-8"?>
<testsuite name="testUI.LoginTest" tests="1" skipped="0" failures="0" errors="0" timestamp="2022-06-25T07:22:18" hostname="LAPTOP-8JRM8VRK" time="13.82">
  <properties/>
  <testcase name="Verify the login successfully" classname="testUI.LoginTest" time="13.82"/>
  <system-out><![CDATA[]]></system-out>
  <system-err><![CDATA[Starting ChromeDriver 102.0.5005.61 (0e59bcc00cc4985ce39ad31c150065f159d95ad3-refs/branch-heads/5005@{#819}) on port 61197
Only local connections are allowed.
Please see https://chromedriver.chromium.org/security-considerations for suggestions on keeping ChromeDriver safe.
ChromeDriver was started successfully.
jun 25, 2022 2:22:22 A. M. org.openqa.selenium.remote.ProtocolHandshake createSession
INFO: Detected upstream dialect: W3C
jun 25, 2022 2:22:23 A. M. org.openqa.selenium.devtools.CdpVersionFinder findNearestMatch
INFO: Found exact CDP implementation for version 102
]]></system-err>
</testsuite>
